<?xml version="1.0" encoding="UTF-8"?>
<!-- Generated by org.testng.reporters.JUnitReportReporter -->
<testsuite hostname="LAPTOP-D6P6TIST" failures="0" tests="8" name="org_bigdeals_tests.Bigdeals_HomePageValidation" time="133.573" errors="0" timestamp="2024-02-01T15:19:22 IST" skipped="0">
  <testcase classname="org_bigdeals_tests.Bigdeals_HomePageValidation" name="verifyHomepage" time="15.934"/>
  <testcase classname="org_bigdeals_tests.Bigdeals_HomePageValidation" name="verifyHomepage" time="17.081"/>
  <testcase classname="org_bigdeals_tests.Bigdeals_HomePageValidation" name="verifyHomepage" time="17.294"/>
  <testcase classname="org_bigdeals_tests.Bigdeals_HomePageValidation" name="verifyHomepage" time="18.392"/>
  <testcase classname="org_bigdeals_tests.Bigdeals_HomePageValidation" name="verifyHomepage" time="15.837"/>
  <testcase classname="org_bigdeals_tests.Bigdeals_HomePageValidation" name="verifyHomepage" time="16.409"/>
  <testcase classname="org_bigdeals_tests.Bigdeals_HomePageValidation" name="verifyHomepage" time="16.791"/>
  <testcase classname="org_bigdeals_tests.Bigdeals_HomePageValidation" name="verifyHomepage" time="15.835"/>
</testsuite> <!-- org_bigdeals_tests.Bigdeals_HomePageValidation -->
