<?xml version="1.0" encoding="UTF-8"?>
<!-- Generated by org.testng.reporters.JUnitReportReporter -->
<testsuite hostname="LAPTOP-D6P6TIST" failures="0" tests="1" name="org_bigdeals_tests.Bigdeals_Login" time="26.550" errors="0" timestamp="2024-02-01T15:19:22 IST" skipped="0">
  <testcase classname="org_bigdeals_tests.Bigdeals_Login" name="verifyHomepage" time="26.550"/>
</testsuite> <!-- org_bigdeals_tests.Bigdeals_Login -->
